[1527173738.013][INFO]: COMMAND InitSession {
   "capabilities": {
      "desiredCapabilities": {
         "browserName": "chrome",
         "goog:chromeOptions": {
            "args": [ "--log-level=3", "test-type", "star-maximized" ],
            "extensions": [  ]
         }
      },
      "firstMatch": [ {
         "browserName": "chrome",
         "goog:chromeOptions": {
            "args": [ "--log-level=3", "test-type", "star-maximized" ],
            "extensions": [  ]
         }
      } ]
   },
   "desiredCapabilities": {
      "browserName": "chrome",
      "goog:chromeOptions": {
         "args": [ "--log-level=3", "test-type", "star-maximized" ],
         "extensions": [  ]
      }
   }
}
[1527173738.018][INFO]: Populating Preferences file: {
   "alternate_error_pages": {
      "enabled": false
   },
   "autofill": {
      "enabled": false
   },
   "browser": {
      "check_default_browser": false
   },
   "distribution": {
      "import_bookmarks": false,
      "import_history": false,
      "import_search_engine": false,
      "make_chrome_default_for_user": false,
      "skip_first_run_ui": true
   },
   "dns_prefetching": {
      "enabled": false
   },
   "profile": {
      "content_settings": {
         "pattern_pairs": {
            "https://*,*": {
               "media-stream": {
                  "audio": "Default",
                  "video": "Default"
               }
            }
         }
      },
      "default_content_setting_values": {
         "geolocation": 1
      },
      "default_content_settings": {
         "geolocation": 1,
         "mouselock": 1,
         "notifications": 1,
         "popups": 1,
         "ppapi-broker": 1
      },
      "password_manager_enabled": false
   },
   "safebrowsing": {
      "enabled": false
   },
   "search": {
      "suggest_enabled": false
   },
   "translate": {
      "enabled": false
   }
}
[1527173738.019][INFO]: Populating Local State file: {
   "background_mode": {
      "enabled": false
   },
   "ssl": {
      "rev_checking": {
         "enabled": false
      }
   }
}
[1527173738.035][INFO]: Launching chrome: "C:\Program Files (x86)\Google\Chrome\Application\chrome.exe" --disable-background-networking --disable-client-side-phishing-detection --disable-default-apps --disable-hang-monitor --disable-popup-blocking --disable-prompt-on-repost --disable-sync --disable-web-resources --enable-automation --enable-logging --force-fieldtrials=SiteIsolationExtensions/Control --ignore-certificate-errors --load-extension="C:\Users\yadasnx\AppData\Local\Temp\scoped_dir19732_19994\internal" --log-level=3 --metrics-recording-only --no-first-run --password-store=basic --remote-debugging-port=12883 --star-maximized --test-type --use-mock-keychain --user-data-dir="C:\Users\yadasnx\AppData\Local\Temp\scoped_dir19732_19702" data:,
[1527173738.693][INFO]: resolved localhost to ["::1","127.0.0.1"]
[1527173739.706][INFO]: RESPONSE InitSession {
   "acceptInsecureCerts": false,
   "acceptSslCerts": false,
   "applicationCacheEnabled": false,
   "browserConnectionEnabled": false,
   "browserName": "chrome",
   "chrome": {
      "chromedriverVersion": "2.38.552522 (437e6fbedfa8762dec75e2c5b3ddb86763dc9dcb)",
      "userDataDir": "C:\\Users\\yadasnx\\AppData\\Local\\Temp\\scoped_dir19732_19702"
   },
   "cssSelectorsEnabled": true,
   "databaseEnabled": false,
   "handlesAlerts": true,
   "hasTouchScreen": false,
   "javascriptEnabled": true,
   "locationContextEnabled": true,
   "mobileEmulationEnabled": false,
   "nativeEvents": true,
   "networkConnectionEnabled": false,
   "pageLoadStrategy": "normal",
   "platform": "Windows NT",
   "rotatable": false,
   "setWindowRect": true,
   "~~~": "..."
}
[1527173739.710][INFO]: COMMAND Navigate {
   "url": "https://www.google.com"
}
[1527173739.711][INFO]: Waiting for pending navigations...
[1527173739.720][INFO]: Done waiting for pending navigations. Status: ok
[1527173740.087][INFO]: Waiting for pending navigations...
[1527173740.860][INFO]: Done waiting for pending navigations. Status: ok
[1527173740.860][INFO]: RESPONSE Navigate
[1527173740.862][INFO]: COMMAND MaximizeWindow {
   "handle": "current",
   "windowHandle": "current"
}
[1527173740.863][INFO]: resolved localhost to ["::1","127.0.0.1"]
[1527173741.987][INFO]: RESPONSE MaximizeWindow
[1527173741.993][INFO]: COMMAND FindElement {
   "using": "name",
   "value": "q"
}
[1527173741.995][INFO]: Waiting for pending navigations...
[1527173741.996][INFO]: Done waiting for pending navigations. Status: ok
[1527173742.012][INFO]: Waiting for pending navigations...
[1527173742.015][INFO]: Done waiting for pending navigations. Status: ok
[1527173742.016][INFO]: RESPONSE FindElement {
   "ELEMENT": "0.3583522930944498-1"
}
[1527173742.016][INFO]: COMMAND IsElementDisplayed {
   "id": "0.3583522930944498-1"
}
[1527173742.016][INFO]: Waiting for pending navigations...
[1527173742.017][INFO]: Done waiting for pending navigations. Status: ok
[1527173742.031][INFO]: Waiting for pending navigations...
[1527173742.032][INFO]: Done waiting for pending navigations. Status: ok
[1527173742.032][INFO]: RESPONSE IsElementDisplayed true
[1527173742.033][INFO]: COMMAND FindElement {
   "using": "name",
   "value": "q"
}
[1527173742.033][INFO]: Waiting for pending navigations...
[1527173742.034][INFO]: Done waiting for pending navigations. Status: ok
[1527173742.041][INFO]: Waiting for pending navigations...
[1527173742.053][INFO]: Done waiting for pending navigations. Status: ok
[1527173742.054][INFO]: RESPONSE FindElement {
   "ELEMENT": "0.3583522930944498-1"
}
[1527173742.055][INFO]: COMMAND IsElementDisplayed {
   "id": "0.3583522930944498-1"
}
[1527173742.055][INFO]: Waiting for pending navigations...
[1527173742.056][INFO]: Done waiting for pending navigations. Status: ok
[1527173742.061][INFO]: Waiting for pending navigations...
[1527173742.062][INFO]: Done waiting for pending navigations. Status: ok
[1527173742.062][INFO]: RESPONSE IsElementDisplayed true
[1527173742.063][INFO]: COMMAND FindElement {
   "using": "name",
   "value": "q"
}
[1527173742.063][INFO]: Waiting for pending navigations...
[1527173742.064][INFO]: Done waiting for pending navigations. Status: ok
[1527173742.069][INFO]: Waiting for pending navigations...
[1527173742.069][INFO]: Done waiting for pending navigations. Status: ok
[1527173742.069][INFO]: RESPONSE FindElement {
   "ELEMENT": "0.3583522930944498-1"
}
[1527173742.070][INFO]: COMMAND IsElementEnabled {
   "id": "0.3583522930944498-1"
}
[1527173742.070][INFO]: Waiting for pending navigations...
[1527173742.071][INFO]: Done waiting for pending navigations. Status: ok
[1527173742.078][INFO]: Waiting for pending navigations...
[1527173742.079][INFO]: Done waiting for pending navigations. Status: ok
[1527173742.079][INFO]: RESPONSE IsElementEnabled true
[1527173742.080][INFO]: COMMAND FindElement {
   "using": "name",
   "value": "q"
}
[1527173742.080][INFO]: Waiting for pending navigations...
[1527173742.081][INFO]: Done waiting for pending navigations. Status: ok
[1527173742.085][INFO]: Waiting for pending navigations...
[1527173742.086][INFO]: Done waiting for pending navigations. Status: ok
[1527173742.086][INFO]: RESPONSE FindElement {
   "ELEMENT": "0.3583522930944498-1"
}
[1527173742.087][INFO]: COMMAND ClickElement {
   "id": "0.3583522930944498-1"
}
[1527173742.087][INFO]: Waiting for pending navigations...
[1527173742.088][INFO]: Done waiting for pending navigations. Status: ok
[1527173742.129][INFO]: Waiting for pending navigations...
[1527173742.129][INFO]: Done waiting for pending navigations. Status: ok
[1527173742.130][INFO]: RESPONSE ClickElement
[1527173742.131][INFO]: COMMAND FindElement {
   "using": "name",
   "value": "q"
}
[1527173742.131][INFO]: Waiting for pending navigations...
[1527173742.132][INFO]: Done waiting for pending navigations. Status: ok
[1527173742.137][INFO]: Waiting for pending navigations...
[1527173742.137][INFO]: Done waiting for pending navigations. Status: ok
[1527173742.138][INFO]: RESPONSE FindElement {
   "ELEMENT": "0.3583522930944498-1"
}
[1527173742.139][INFO]: COMMAND FindElement {
   "using": "name",
   "value": "q"
}
[1527173742.139][INFO]: Waiting for pending navigations...
[1527173742.140][INFO]: Done waiting for pending navigations. Status: ok
[1527173742.147][INFO]: Waiting for pending navigations...
[1527173742.147][INFO]: Done waiting for pending navigations. Status: ok
[1527173742.147][INFO]: RESPONSE FindElement {
   "ELEMENT": "0.3583522930944498-1"
}
[1527173742.148][INFO]: COMMAND IsElementDisplayed {
   "id": "0.3583522930944498-1"
}
[1527173742.148][INFO]: Waiting for pending navigations...
[1527173742.149][INFO]: Done waiting for pending navigations. Status: ok
[1527173742.153][INFO]: Waiting for pending navigations...
[1527173742.154][INFO]: Done waiting for pending navigations. Status: ok
[1527173742.154][INFO]: RESPONSE IsElementDisplayed true
[1527173742.155][INFO]: COMMAND FindElement {
   "using": "name",
   "value": "q"
}
[1527173742.156][INFO]: Waiting for pending navigations...
[1527173742.156][INFO]: Done waiting for pending navigations. Status: ok
[1527173742.161][INFO]: Waiting for pending navigations...
[1527173742.162][INFO]: Done waiting for pending navigations. Status: ok
[1527173742.162][INFO]: RESPONSE FindElement {
   "ELEMENT": "0.3583522930944498-1"
}
[1527173742.163][INFO]: COMMAND TypeElement {
   "id": "0.3583522930944498-1",
   "value": [ "branch.io" ]
}
[1527173742.164][INFO]: Waiting for pending navigations...
[1527173742.164][INFO]: Done waiting for pending navigations. Status: ok
[1527173742.236][INFO]: Waiting for pending navigations...
[1527173742.237][INFO]: Done waiting for pending navigations. Status: ok
[1527173742.237][INFO]: RESPONSE TypeElement
[1527173742.239][INFO]: COMMAND FindElement {
   "using": "xpath",
   "value": ".//*[@id='sbtc']//span/input[@value='Google Search']"
}
[1527173742.239][INFO]: Waiting for pending navigations...
[1527173742.239][INFO]: Done waiting for pending navigations. Status: ok
[1527173742.251][INFO]: Waiting for pending navigations...
[1527173742.252][INFO]: Done waiting for pending navigations. Status: ok
[1527173742.252][INFO]: RESPONSE FindElement no such element: Unable to locate element: {"method":"xpath","selector":".//*[@id='sbtc']//span/input[@value='Google Search']"}
  (Session info: chrome=66.0.3359.181)
[1527173742.755][INFO]: COMMAND FindElement {
   "using": "xpath",
   "value": ".//*[@id='sbtc']//span/input[@value='Google Search']"
}
[1527173742.755][INFO]: Waiting for pending navigations...
[1527173742.756][INFO]: Done waiting for pending navigations. Status: ok
[1527173742.762][INFO]: Waiting for pending navigations...
[1527173742.764][INFO]: Done waiting for pending navigations. Status: ok
[1527173742.764][INFO]: RESPONSE FindElement {
   "ELEMENT": "0.3583522930944498-2"
}
[1527173742.765][INFO]: COMMAND IsElementDisplayed {
   "id": "0.3583522930944498-2"
}
[1527173742.765][INFO]: Waiting for pending navigations...
[1527173742.766][INFO]: Done waiting for pending navigations. Status: ok
[1527173742.778][INFO]: Waiting for pending navigations...
[1527173742.779][INFO]: Done waiting for pending navigations. Status: ok
[1527173742.779][INFO]: RESPONSE IsElementDisplayed true
[1527173742.781][INFO]: COMMAND FindElement {
   "using": "xpath",
   "value": ".//*[@id='sbtc']//span/input[@value='Google Search']"
}
[1527173742.781][INFO]: Waiting for pending navigations...
[1527173742.783][INFO]: Done waiting for pending navigations. Status: ok
[1527173742.788][INFO]: Waiting for pending navigations...
[1527173742.789][INFO]: Done waiting for pending navigations. Status: ok
[1527173742.789][INFO]: RESPONSE FindElement {
   "ELEMENT": "0.3583522930944498-2"
}
[1527173742.790][INFO]: COMMAND IsElementDisplayed {
   "id": "0.3583522930944498-2"
}
[1527173742.790][INFO]: Waiting for pending navigations...
[1527173742.792][INFO]: Done waiting for pending navigations. Status: ok
[1527173742.797][INFO]: Waiting for pending navigations...
[1527173742.799][INFO]: Done waiting for pending navigations. Status: ok
[1527173742.799][INFO]: RESPONSE IsElementDisplayed true
[1527173742.802][INFO]: COMMAND FindElement {
   "using": "xpath",
   "value": ".//*[@id='sbtc']//span/input[@value='Google Search']"
}
[1527173742.802][INFO]: Waiting for pending navigations...
[1527173742.803][INFO]: Done waiting for pending navigations. Status: ok
[1527173742.808][INFO]: Waiting for pending navigations...
[1527173742.816][INFO]: Done waiting for pending navigations. Status: ok
[1527173742.816][INFO]: RESPONSE FindElement {
   "ELEMENT": "0.3583522930944498-2"
}
[1527173742.817][INFO]: COMMAND IsElementEnabled {
   "id": "0.3583522930944498-2"
}
[1527173742.817][INFO]: Waiting for pending navigations...
[1527173742.820][INFO]: Done waiting for pending navigations. Status: ok
[1527173742.828][INFO]: Waiting for pending navigations...
[1527173742.829][INFO]: Done waiting for pending navigations. Status: ok
[1527173742.829][INFO]: RESPONSE IsElementEnabled true
[1527173742.831][INFO]: COMMAND FindElement {
   "using": "xpath",
   "value": ".//*[@id='sbtc']//span/input[@value='Google Search']"
}
[1527173742.831][INFO]: Waiting for pending navigations...
[1527173742.833][INFO]: Done waiting for pending navigations. Status: ok
[1527173742.838][INFO]: Waiting for pending navigations...
[1527173742.839][INFO]: Done waiting for pending navigations. Status: ok
[1527173742.839][INFO]: RESPONSE FindElement {
   "ELEMENT": "0.3583522930944498-2"
}
[1527173742.842][INFO]: COMMAND ClickElement {
   "id": "0.3583522930944498-2"
}
[1527173742.843][INFO]: Waiting for pending navigations...
[1527173742.844][INFO]: Done waiting for pending navigations. Status: ok
[1527173742.885][INFO]: Waiting for pending navigations...
[1527173743.965][INFO]: Done waiting for pending navigations. Status: ok
[1527173743.965][INFO]: RESPONSE ClickElement
[1527173743.966][INFO]: COMMAND FindElement {
   "using": "xpath",
   "value": ".//*[@id='sbtc']//span/input[@value='Google Search']"
}
[1527173743.966][INFO]: Waiting for pending navigations...
[1527173743.967][INFO]: Done waiting for pending navigations. Status: ok
[1527173743.973][INFO]: Waiting for pending navigations...
[1527173743.974][INFO]: Done waiting for pending navigations. Status: ok
[1527173743.974][INFO]: RESPONSE FindElement no such element: Unable to locate element: {"method":"xpath","selector":".//*[@id='sbtc']//span/input[@value='Google Search']"}
  (Session info: chrome=66.0.3359.181)
[1527173743.976][INFO]: COMMAND FindElement {
   "using": "xpath",
   "value": "//*[@id='rso']//h3/a[text()='Branch.io']"
}
[1527173743.977][INFO]: Waiting for pending navigations...
[1527173743.977][INFO]: Done waiting for pending navigations. Status: ok
[1527173743.987][INFO]: Waiting for pending navigations...
[1527173743.988][INFO]: Done waiting for pending navigations. Status: ok
[1527173743.988][INFO]: RESPONSE FindElement {
   "ELEMENT": "0.793193204682966-1"
}
[1527173743.989][INFO]: COMMAND IsElementDisplayed {
   "id": "0.793193204682966-1"
}
[1527173743.989][INFO]: Waiting for pending navigations...
[1527173743.989][INFO]: Done waiting for pending navigations. Status: ok
[1527173744.001][INFO]: Waiting for pending navigations...
[1527173744.001][INFO]: Done waiting for pending navigations. Status: ok
[1527173744.001][INFO]: RESPONSE IsElementDisplayed true
[1527173744.002][INFO]: COMMAND FindElement {
   "using": "xpath",
   "value": "//*[@id='rso']//h3/a[text()='Branch.io']"
}
[1527173744.002][INFO]: Waiting for pending navigations...
[1527173744.003][INFO]: Done waiting for pending navigations. Status: ok
[1527173744.010][INFO]: Waiting for pending navigations...
[1527173744.011][INFO]: Done waiting for pending navigations. Status: ok
[1527173744.011][INFO]: RESPONSE FindElement {
   "ELEMENT": "0.793193204682966-1"
}
[1527173744.011][INFO]: COMMAND IsElementDisplayed {
   "id": "0.793193204682966-1"
}
[1527173744.012][INFO]: Waiting for pending navigations...
[1527173744.012][INFO]: Done waiting for pending navigations. Status: ok
[1527173744.016][INFO]: Waiting for pending navigations...
[1527173744.017][INFO]: Done waiting for pending navigations. Status: ok
[1527173744.017][INFO]: RESPONSE IsElementDisplayed true
[1527173744.018][INFO]: COMMAND FindElement {
   "using": "xpath",
   "value": "//*[@id='rso']//h3/a[text()='Branch.io']"
}
[1527173744.018][INFO]: Waiting for pending navigations...
[1527173744.019][INFO]: Done waiting for pending navigations. Status: ok
[1527173744.025][INFO]: Waiting for pending navigations...
[1527173744.027][INFO]: Done waiting for pending navigations. Status: ok
[1527173744.027][INFO]: RESPONSE FindElement {
   "ELEMENT": "0.793193204682966-1"
}
[1527173744.028][INFO]: COMMAND IsElementEnabled {
   "id": "0.793193204682966-1"
}
[1527173744.028][INFO]: Waiting for pending navigations...
[1527173744.029][INFO]: Done waiting for pending navigations. Status: ok
[1527173744.035][INFO]: Waiting for pending navigations...
[1527173744.035][INFO]: Done waiting for pending navigations. Status: ok
[1527173744.035][INFO]: RESPONSE IsElementEnabled true
[1527173744.036][INFO]: COMMAND FindElement {
   "using": "xpath",
   "value": "//*[@id='rso']//h3/a[text()='Branch.io']"
}
[1527173744.036][INFO]: Waiting for pending navigations...
[1527173744.037][INFO]: Done waiting for pending navigations. Status: ok
[1527173744.042][INFO]: Waiting for pending navigations...
[1527173744.043][INFO]: Done waiting for pending navigations. Status: ok
[1527173744.043][INFO]: RESPONSE FindElement {
   "ELEMENT": "0.793193204682966-1"
}
[1527173744.045][INFO]: COMMAND ClickElement {
   "id": "0.793193204682966-1"
}
[1527173744.045][INFO]: Waiting for pending navigations...
[1527173744.046][INFO]: Done waiting for pending navigations. Status: ok
[1527173744.112][INFO]: Waiting for pending navigations...
[1527173745.078][INFO]: Done waiting for pending navigations. Status: ok
[1527173745.078][INFO]: RESPONSE ClickElement
[1527173745.079][INFO]: COMMAND FindElement {
   "using": "xpath",
   "value": "//*[@id='rso']//h3/a[text()='Branch.io']"
}
[1527173745.079][INFO]: Waiting for pending navigations...
[1527173745.084][INFO]: Done waiting for pending navigations. Status: ok
[1527173745.102][INFO]: Waiting for pending navigations...
[1527173745.103][INFO]: Done waiting for pending navigations. Status: ok
[1527173745.103][INFO]: RESPONSE FindElement no such element: Unable to locate element: {"method":"xpath","selector":"//*[@id='rso']//h3/a[text()='Branch.io']"}
  (Session info: chrome=66.0.3359.181)
[1527173745.104][INFO]: COMMAND ExecuteScript {
   "args": [  ],
   "script": "window.scrollBy(0,document.body.scrollHeight)"
}
[1527173745.104][INFO]: Waiting for pending navigations...
[1527173745.105][INFO]: Done waiting for pending navigations. Status: ok
[1527173745.110][INFO]: Waiting for pending navigations...
[1527173745.130][INFO]: Done waiting for pending navigations. Status: ok
[1527173745.130][INFO]: RESPONSE ExecuteScript
[1527173745.133][INFO]: COMMAND FindElement {
   "using": "id",
   "value": "CybotCookiebotDialogBodyButtonAccept"
}
[1527173745.133][INFO]: Waiting for pending navigations...
[1527173745.134][INFO]: Done waiting for pending navigations. Status: ok
[1527173745.155][INFO]: Waiting for pending navigations...
[1527173745.160][INFO]: Done waiting for pending navigations. Status: ok
[1527173745.160][INFO]: RESPONSE FindElement {
   "ELEMENT": "0.41658739118986476-1"
}
[1527173745.163][INFO]: COMMAND IsElementDisplayed {
   "id": "0.41658739118986476-1"
}
[1527173745.163][INFO]: Waiting for pending navigations...
[1527173745.169][INFO]: Done waiting for pending navigations. Status: ok
[1527173745.187][INFO]: Waiting for pending navigations...
[1527173745.194][INFO]: Done waiting for pending navigations. Status: ok
[1527173745.194][INFO]: RESPONSE IsElementDisplayed true
[1527173745.195][INFO]: COMMAND FindElement {
   "using": "id",
   "value": "CybotCookiebotDialogBodyButtonAccept"
}
[1527173745.196][INFO]: Waiting for pending navigations...
[1527173745.197][INFO]: Done waiting for pending navigations. Status: ok
[1527173745.201][INFO]: Waiting for pending navigations...
[1527173745.202][INFO]: Done waiting for pending navigations. Status: ok
[1527173745.202][INFO]: RESPONSE FindElement {
   "ELEMENT": "0.41658739118986476-1"
}
[1527173745.203][INFO]: COMMAND IsElementEnabled {
   "id": "0.41658739118986476-1"
}
[1527173745.203][INFO]: Waiting for pending navigations...
[1527173745.203][INFO]: Done waiting for pending navigations. Status: ok
[1527173745.212][INFO]: Waiting for pending navigations...
[1527173745.214][INFO]: Done waiting for pending navigations. Status: ok
[1527173745.214][INFO]: RESPONSE IsElementEnabled true
[1527173745.216][INFO]: COMMAND FindElement {
   "using": "id",
   "value": "CybotCookiebotDialogBodyButtonAccept"
}
[1527173745.216][INFO]: Waiting for pending navigations...
[1527173745.216][INFO]: Done waiting for pending navigations. Status: ok
[1527173745.220][INFO]: Waiting for pending navigations...
[1527173745.222][INFO]: Done waiting for pending navigations. Status: ok
[1527173745.222][INFO]: RESPONSE FindElement {
   "ELEMENT": "0.41658739118986476-1"
}
[1527173745.226][INFO]: COMMAND ClickElement {
   "id": "0.41658739118986476-1"
}
[1527173745.227][INFO]: Waiting for pending navigations...
[1527173745.229][INFO]: Done waiting for pending navigations. Status: ok
[1527173745.282][INFO]: Waiting for pending navigations...
[1527173745.282][INFO]: Done waiting for pending navigations. Status: ok
[1527173745.282][INFO]: RESPONSE ClickElement
[1527173745.284][INFO]: COMMAND FindElement {
   "using": "id",
   "value": "CybotCookiebotDialogBodyButtonAccept"
}
[1527173745.284][INFO]: Waiting for pending navigations...
[1527173745.284][INFO]: Done waiting for pending navigations. Status: ok
[1527173745.288][INFO]: Waiting for pending navigations...
[1527173745.289][INFO]: Done waiting for pending navigations. Status: ok
[1527173745.289][INFO]: RESPONSE FindElement {
   "ELEMENT": "0.41658739118986476-1"
}
[1527173745.292][INFO]: COMMAND FindElement {
   "using": "xpath",
   "value": ".//div[@class='bds-show-at-lg']/a[@data-element-tag='demo-header']"
}
[1527173745.292][INFO]: Waiting for pending navigations...
[1527173745.294][INFO]: Done waiting for pending navigations. Status: ok
[1527173745.304][INFO]: Waiting for pending navigations...
[1527173745.305][INFO]: Done waiting for pending navigations. Status: ok
[1527173745.305][INFO]: RESPONSE FindElement {
   "ELEMENT": "0.41658739118986476-2"
}
[1527173745.306][INFO]: COMMAND IsElementDisplayed {
   "id": "0.41658739118986476-2"
}
[1527173745.306][INFO]: Waiting for pending navigations...
[1527173745.308][INFO]: Done waiting for pending navigations. Status: ok
[1527173745.320][INFO]: Waiting for pending navigations...
[1527173745.320][INFO]: Done waiting for pending navigations. Status: ok
[1527173745.320][INFO]: RESPONSE IsElementDisplayed true
[1527173745.322][INFO]: COMMAND FindElement {
   "using": "xpath",
   "value": ".//div[@class='bds-show-at-lg']/a[@data-element-tag='demo-header']"
}
[1527173745.322][INFO]: Waiting for pending navigations...
[1527173745.326][INFO]: Done waiting for pending navigations. Status: ok
[1527173745.331][INFO]: Waiting for pending navigations...
[1527173745.331][INFO]: Done waiting for pending navigations. Status: ok
[1527173745.332][INFO]: RESPONSE FindElement {
   "ELEMENT": "0.41658739118986476-2"
}
[1527173745.332][INFO]: COMMAND IsElementEnabled {
   "id": "0.41658739118986476-2"
}
[1527173745.332][INFO]: Waiting for pending navigations...
[1527173745.333][INFO]: Done waiting for pending navigations. Status: ok
[1527173745.339][INFO]: Waiting for pending navigations...
[1527173745.358][INFO]: Done waiting for pending navigations. Status: ok
[1527173745.358][INFO]: RESPONSE IsElementEnabled true
[1527173745.360][INFO]: COMMAND FindElement {
   "using": "xpath",
   "value": ".//div[@class='bds-show-at-lg']/a[@data-element-tag='demo-header']"
}
[1527173745.360][INFO]: Waiting for pending navigations...
[1527173745.362][INFO]: Done waiting for pending navigations. Status: ok
[1527173745.369][INFO]: Waiting for pending navigations...
[1527173745.369][INFO]: Done waiting for pending navigations. Status: ok
[1527173745.369][INFO]: RESPONSE FindElement {
   "ELEMENT": "0.41658739118986476-2"
}
[1527173745.371][INFO]: COMMAND ClickElement {
   "id": "0.41658739118986476-2"
}
[1527173745.371][INFO]: Waiting for pending navigations...
[1527173745.372][INFO]: Done waiting for pending navigations. Status: ok
[1527173745.438][INFO]: Waiting for pending navigations...
[1527173745.438][INFO]: Done waiting for pending navigations. Status: ok
[1527173745.439][INFO]: RESPONSE ClickElement unknown error: Element <a class="bds-btn bds-bg-green bds-txt-white bds-hov-bg-white bds-hov-txt-green" href="https://www2.branch.io/request-a-demo/" data-element-tag="demo-header">...</a> is not clickable at point (151, 20). Other element would receive the click: <span id="logo"></span>
  (Session info: chrome=66.0.3359.181)
[1527173745.444][INFO]: COMMAND CloseWindow {

}
[1527173747.513][INFO]: RESPONSE CloseWindow
